--- Copying files at Sun Mar 22 00:20:26 UTC 2026
--- Copied files finished at Sun Mar 22 00:20:26 UTC 2026
--- Copying files at Sun Mar 22 01:54:13 UTC 2026
--- Copied files finished at Sun Mar 22 01:54:13 UTC 2026
--- Copying files at Sun Mar 22 02:13:56 UTC 2026
--- Copied files finished at Sun Mar 22 02:13:56 UTC 2026
--- Copying files at Sun Mar 22 02:37:25 UTC 2026
--- Copied files finished at Sun Mar 22 02:37:25 UTC 2026
--- Copying files at Sun Mar 22 02:46:54 UTC 2026
--- Copied files finished at Sun Mar 22 02:46:54 UTC 2026
--- Copying files at Sun Mar 22 18:56:18 UTC 2026
--- Copied files finished at Sun Mar 22 18:56:18 UTC 2026
--- Copying files at Sun Mar 22 18:59:34 UTC 2026
--- Copied files finished at Sun Mar 22 18:59:34 UTC 2026
--- Copying files at Tue Mar 24 00:35:29 UTC 2026
--- Copied files finished at Tue Mar 24 00:35:29 UTC 2026
--- Copying files at Wed Apr  8 00:35:56 UTC 2026
--- Copied files finished at Wed Apr  8 00:35:56 UTC 2026
--- Copying files at Wed Apr  8 00:46:57 UTC 2026
--- Copied files finished at Wed Apr  8 00:46:57 UTC 2026
--- Copying files at Wed Apr  8 01:16:31 UTC 2026
--- Copied files finished at Wed Apr  8 01:16:31 UTC 2026
--- Copying files at Wed Apr  8 01:23:14 UTC 2026
--- Copied files finished at Wed Apr  8 01:23:14 UTC 2026
--- Copying files at Wed Apr  8 18:00:10 UTC 2026
--- Copied files finished at Wed Apr  8 18:00:10 UTC 2026
--- Copying files at Wed Apr  8 19:06:08 UTC 2026
--- Copied files finished at Wed Apr  8 19:06:08 UTC 2026
--- Copying files at Thu Apr  9 00:07:33 UTC 2026
--- Copied files finished at Thu Apr  9 00:07:33 UTC 2026
--- Copying files at Thu Apr  9 00:23:22 UTC 2026
--- Copied files finished at Thu Apr  9 00:23:22 UTC 2026
